Build started 2016-03-02 12:11:42.
     1>Project "C:\Users\student\Desktop\KrzOrl\wzr16_1f\wzr_vis.vcxproj" on node 2 (Build target(s)).
     1>ClCompile:
         C:\Program Files (x86)\Microsoft Visual Studio 12.0\VC\bin\CL.exe /c /ZI /nologo /W3 /WX- /Od /Oy- /D WIN32 /D _DEBUG /D _CONSOLE /D _VC80_UPGRADE=0x0710 /D _MBCS /Gm /EHsc /RTC1 /MTd /GS /fp:precise /Zc:wchar_t /Zc:forScope /Fo"Debug\\" /Fd"Debug\vc120.pdb" /Gd /TP /analyze- /errorReport:prompt interakcja.cpp
         interakcja.cpp
     1>c:\users\student\desktop\krzorl\wzr16_1f\interakcja.cpp(15): warning C4996: 'fopen': This function or variable may be unsafe. Consider using fopen_s instead. To disable deprecation, use _CRT_SECURE_NO_WARNINGS. See online help for details.
                 c:\program files (x86)\microsoft visual studio 12.0\vc\include\stdio.h(211) : see declaration of 'fopen'
     1>c:\users\student\desktop\krzorl\wzr16_1f\interakcja.cpp(44): warning C4305: 'argument' : truncation from 'double' to 'float'
     1>c:\users\student\desktop\krzorl\wzr16_1f\interakcja.cpp(148): warning C4244: '=' : conversion from 'double' to 'float', possible loss of data
     1>c:\users\student\desktop\krzorl\wzr16_1f\interakcja.cpp(149): warning C4996: 'sprintf': This function or variable may be unsafe. Consider using sprintf_s instead. To disable deprecation, use _CRT_SECURE_NO_WARNINGS. See online help for details.
                 c:\program files (x86)\microsoft visual studio 12.0\vc\include\stdio.h(356) : see declaration of 'sprintf'
     1>c:\users\student\desktop\krzorl\wzr16_1f\interakcja.cpp(203): warning C4800: 'int' : forcing value to bool 'true' or 'false' (performance warning)
     1>c:\users\student\desktop\krzorl\wzr16_1f\interakcja.cpp(229): warning C4244: '=' : conversion from 'double' to 'float', possible loss of data
     1>c:\users\student\desktop\krzorl\wzr16_1f\interakcja.cpp(261): warning C4305: '=' : truncation from 'double' to 'float'
     1>c:\users\student\desktop\krzorl\wzr16_1f\interakcja.cpp(262): warning C4305: '=' : truncation from 'double' to 'float'
     1>c:\users\student\desktop\krzorl\wzr16_1f\interakcja.cpp(268): warning C4305: '=' : truncation from 'double' to 'float'
     1>c:\users\student\desktop\krzorl\wzr16_1f\interakcja.cpp(269): warning C4305: '=' : truncation from 'double' to 'float'
     1>c:\users\student\desktop\krzorl\wzr16_1f\interakcja.cpp(274): warning C4800: 'int' : forcing value to bool 'true' or 'false' (performance warning)
     1>c:\users\student\desktop\krzorl\wzr16_1f\interakcja.cpp(280): warning C4305: '/=' : truncation from 'double' to 'float'
     1>c:\users\student\desktop\krzorl\wzr16_1f\interakcja.cpp(287): warning C4305: '*=' : truncation from 'double' to 'float'
     1>c:\users\student\desktop\krzorl\wzr16_1f\interakcja.cpp(294): warning C4800: 'int' : forcing value to bool 'true' or 'false' (performance warning)
     1>c:\users\student\desktop\krzorl\wzr16_1f\interakcja.cpp(326): warning C4305: '+=' : truncation from 'double' to 'float'
     1>c:\users\student\desktop\krzorl\wzr16_1f\interakcja.cpp(331): warning C4305: '-=' : truncation from 'double' to 'float'
     1>c:\users\student\desktop\krzorl\wzr16_1f\interakcja.cpp(336): warning C4800: 'int' : forcing value to bool 'true' or 'false' (performance warning)
       Link:
         C:\Program Files (x86)\Microsoft Visual Studio 12.0\VC\bin\link.exe /ERRORREPORT:PROMPT /OUT:"Debug\wzr_vis.exe" /INCREMENTAL /NOLOGO kernel32.lib user32.lib gdi32.lib winspool.lib comdlg32.lib advapi32.lib shell32.lib ole32.lib oleaut32.lib uuid.lib odbc32.lib odbccp32.lib /MANIFEST /MANIFESTUAC:"level='asInvoker' uiAccess='false'" /manifest:embed /DEBUG /PDB:"Debug\GK-OpenGL.pdb" /SUBSYSTEM:WINDOWS /TLBID:1 /DYNAMICBASE:NO /IMPLIB:"Debug\wzr_vis.lib" /MACHINE:X86 /SAFESEH opengl32.lib glu32.lib WSOCK32.LIB MPR.LIB WSOCK32.LIB MPR.LIB
          Debug\glowny.obj
         Debug\grafika.obj
         Debug\interakcja.obj
         Debug\kwaternion.obj
         Debug\obiekty.obj
         Debug\siec.obj
         Debug\wektor.obj
         wzr_vis.vcxproj -> C:\Users\student\Desktop\KrzOrl\wzr16_1f\Debug\wzr_vis.exe
     1>Done Building Project "C:\Users\student\Desktop\KrzOrl\wzr16_1f\wzr_vis.vcxproj" (Build target(s)).

Build succeeded.

Time Elapsed 00:00:02.40
