Build started 2016-03-02 11:58:37.
     1>Project "C:\Studenci\Szymon Kaczorowski\Serwer\Serwer\Serwer\Serwer.vcxproj" on node 2 (Rebuild target(s)).
     1>ClCompile:
         C:\Program Files (x86)\Microsoft Visual Studio 12.0\VC\bin\CL.exe /c /ZI /nologo /W3 /WX- /sdl /Od /Oy- /D WIN32 /D _DEBUG /D _CONSOLE /D _LIB /D _UNICODE /D UNICODE /Gm /EHsc /RTC1 /MDd /GS /fp:precise /Zc:wchar_t /Zc:forScope /Fo"Debug\\" /Fd"Debug\vc120.pdb" /Gd /TP /analyze- /errorReport:prompt kwaternion.cpp Serwer.cpp siec.cpp stdafx.cpp wektor.cpp
         wektor.cpp
     1>c:\studenci\szymon kaczorowski\serwer\serwer\serwer\wektor.cpp(10): warning C4305: 'initializing' : truncation from 'double' to 'float'
     1>c:\studenci\szymon kaczorowski\serwer\serwer\serwer\wektor.cpp(265): warning C4305: 'argument' : truncation from 'double' to 'float'
     1>c:\studenci\szymon kaczorowski\serwer\serwer\serwer\wektor.cpp(273): warning C4305: 'initializing' : truncation from 'double' to 'float'
         stdafx.cpp
         siec.cpp
         Serwer.cpp
         kwaternion.cpp
         Generating Code...
     1>c:\studenci\szymon kaczorowski\serwer\serwer\serwer\siec.cpp(86): warning C4715: 'unicast_net::send' : not all control paths return a value
     1>c:\studenci\szymon kaczorowski\serwer\serwer\serwer\siec.cpp(95): warning C4715: 'unicast_net::send' : not all control paths return a value
     1>c:\studenci\szymon kaczorowski\serwer\serwer\serwer\siec.cpp(110): warning C4715: 'unicast_net::reciv' : not all control paths return a value
       Link:
         C:\Program Files (x86)\Microsoft Visual Studio 12.0\VC\bin\link.exe /ERRORREPORT:PROMPT /OUT:"C:\Studenci\Szymon Kaczorowski\Serwer\Serwer\Debug\Serwer.exe" /INCREMENTAL /NOLOGO kernel32.lib user32.lib gdi32.lib winspool.lib comdlg32.lib advapi32.lib shell32.lib ole32.lib oleaut32.lib uuid.lib odbc32.lib odbccp32.lib /MANIFEST /MANIFESTUAC:"level='asInvoker' uiAccess='false'" /manifest:embed /DEBUG /PDB:"C:\Studenci\Szymon Kaczorowski\Serwer\Serwer\Debug\Serwer.pdb" /SUBSYSTEM:CONSOLE /TLBID:1 /DYNAMICBASE /NXCOMPAT /IMPLIB:"C:\Studenci\Szymon Kaczorowski\Serwer\Serwer\Debug\Serwer.lib" /MACHINE:X86 WSOCK32.LIB MPR.LIB Debug\kwaternion.obj
         Debug\Serwer.obj
         Debug\siec.obj
         Debug\stdafx.obj
         Debug\wektor.obj
         Serwer.vcxproj -> C:\Studenci\Szymon Kaczorowski\Serwer\Serwer\Debug\Serwer.exe
     1>Done Building Project "C:\Studenci\Szymon Kaczorowski\Serwer\Serwer\Serwer\Serwer.vcxproj" (Rebuild target(s)).

Build succeeded.

Time Elapsed 00:00:01.18
